18:46:59 INFO  TestBase - Method loginPositive is started
18:46:59 INFO  manager.WdListener - Start searching element-----> By.xpath: //a[.=' Logout ']
18:47:04 INFO  manager.WdListener - Element with locator----> By.xpath: //a[.=' Logout ']  is found
18:47:04 INFO  manager.WdListener - Start searching element-----> By.xpath: //a[.=' Log in ']
18:47:04 INFO  manager.WdListener - Element with locator----> By.xpath: //a[.=' Log in ']  is found
18:47:04 INFO  manager.WdListener - Start searching element-----> By.xpath: //input[@id='email']
18:47:04 INFO  manager.WdListener - Element with locator----> By.xpath: //input[@id='email']  is found
18:47:04 INFO  manager.WdListener - Start searching element-----> By.xpath: input[@id='password']
18:47:09 INFO  manager.WdListener - Something went wrong!
18:47:09 INFO  manager.WdListener - no such element: Unable to locate element: {"method":"xpath","selector":"input[@id='password']"}
  (Session info: chrome=120.0.6099.71)
For documentation on this error, please visit: https://www.seleniumhq.org/exceptions/no_such_element.html
Build info: version: '3.141.59', revision: 'e82be7d358', time: '2018-11-14T08:17:03'
System info: host: 'eoabramzon-x', ip: '2a00:a041:e07f:db3d:f1d5:1e17:4e29:434f%en0', os.name: 'Mac OS X', os.arch: 'x86_64', os.version: '12.5.1', java.version: '1.8.0_333'
Driver info: org.openqa.selenium.chrome.ChromeDriver
Capabilities {acceptInsecureCerts: false, browserName: chrome, browserVersion: 120.0.6099.71, chrome: {chromedriverVersion: 120.0.6099.71 (9729082fe617..., userDataDir: /var/folders/x7/9034sx0s4jx...}, fedcm:accounts: true, goog:chromeOptions: {debuggerAddress: localhost:53467}, javascriptEnabled: true, networkConnectionEnabled: false, pageLoadStrategy: normal, platform: MAC, platformName: MAC, proxy: Proxy(), setWindowRect: true, strictFileInteractability: false, timeouts: {implicit: 0, pageLoad: 300000, script: 30000}, unhandledPromptBehavior: dismiss and notify, webauthn:extension:credBlob: true, webauthn:extension:largeBlob: true, webauthn:extension:minPinLength: true, webauthn:extension:prf: true, webauthn:virtualAuthenticators: true}
Session ID: a073e355a33dfc6f11a76b30cec49256
*** Element info: {Using=xpath, value=input[@id='password']}
18:47:09 INFO  manager.WdListener - org.openqa.selenium.NoSuchElementException: no such element: Unable to locate element: {"method":"xpath","selector":"input[@id='password']"}
  (Session info: chrome=120.0.6099.71)
For documentation on this error, please visit: https://www.seleniumhq.org/exceptions/no_such_element.html
Build info: version: '3.141.59', revision: 'e82be7d358', time: '2018-11-14T08:17:03'
System info: host: 'eoabramzon-x', ip: '2a00:a041:e07f:db3d:f1d5:1e17:4e29:434f%en0', os.name: 'Mac OS X', os.arch: 'x86_64', os.version: '12.5.1', java.version: '1.8.0_333'
Driver info: org.openqa.selenium.chrome.ChromeDriver
Capabilities {acceptInsecureCerts: false, browserName: chrome, browserVersion: 120.0.6099.71, chrome: {chromedriverVersion: 120.0.6099.71 (9729082fe617..., userDataDir: /var/folders/x7/9034sx0s4jx...}, fedcm:accounts: true, goog:chromeOptions: {debuggerAddress: localhost:53467}, javascriptEnabled: true, networkConnectionEnabled: false, pageLoadStrategy: normal, platform: MAC, platformName: MAC, proxy: Proxy(), setWindowRect: true, strictFileInteractability: false, timeouts: {implicit: 0, pageLoad: 300000, script: 30000}, unhandledPromptBehavior: dismiss and notify, webauthn:extension:credBlob: true, webauthn:extension:largeBlob: true, webauthn:extension:minPinLength: true, webauthn:extension:prf: true, webauthn:virtualAuthenticators: true}
Session ID: a073e355a33dfc6f11a76b30cec49256
*** Element info: {Using=xpath, value=input[@id='password']}
18:47:10 INFO  manager.WdListener - This is a link to screenshot with error ---> src/test/Screenshots/screen-2829.png
18:47:10 INFO  manager.WdListener - Start searching element-----> By.xpath: //button[.='Ok']
18:47:15 INFO  manager.WdListener - Something went wrong!
18:47:15 INFO  manager.WdListener - no such element: Unable to locate element: {"method":"xpath","selector":"//button[.='Ok']"}
  (Session info: chrome=120.0.6099.71)
For documentation on this error, please visit: https://www.seleniumhq.org/exceptions/no_such_element.html
Build info: version: '3.141.59', revision: 'e82be7d358', time: '2018-11-14T08:17:03'
System info: host: 'eoabramzon-x', ip: '2a00:a041:e07f:db3d:f1d5:1e17:4e29:434f%en0', os.name: 'Mac OS X', os.arch: 'x86_64', os.version: '12.5.1', java.version: '1.8.0_333'
Driver info: org.openqa.selenium.chrome.ChromeDriver
Capabilities {acceptInsecureCerts: false, browserName: chrome, browserVersion: 120.0.6099.71, chrome: {chromedriverVersion: 120.0.6099.71 (9729082fe617..., userDataDir: /var/folders/x7/9034sx0s4jx...}, fedcm:accounts: true, goog:chromeOptions: {debuggerAddress: localhost:53467}, javascriptEnabled: true, networkConnectionEnabled: false, pageLoadStrategy: normal, platform: MAC, platformName: MAC, proxy: Proxy(), setWindowRect: true, strictFileInteractability: false, timeouts: {implicit: 0, pageLoad: 300000, script: 30000}, unhandledPromptBehavior: dismiss and notify, webauthn:extension:credBlob: true, webauthn:extension:largeBlob: true, webauthn:extension:minPinLength: true, webauthn:extension:prf: true, webauthn:virtualAuthenticators: true}
Session ID: a073e355a33dfc6f11a76b30cec49256
*** Element info: {Using=xpath, value=//button[.='Ok']}
18:47:15 INFO  manager.WdListener - org.openqa.selenium.NoSuchElementException: no such element: Unable to locate element: {"method":"xpath","selector":"//button[.='Ok']"}
  (Session info: chrome=120.0.6099.71)
For documentation on this error, please visit: https://www.seleniumhq.org/exceptions/no_such_element.html
Build info: version: '3.141.59', revision: 'e82be7d358', time: '2018-11-14T08:17:03'
System info: host: 'eoabramzon-x', ip: '2a00:a041:e07f:db3d:f1d5:1e17:4e29:434f%en0', os.name: 'Mac OS X', os.arch: 'x86_64', os.version: '12.5.1', java.version: '1.8.0_333'
Driver info: org.openqa.selenium.chrome.ChromeDriver
Capabilities {acceptInsecureCerts: false, browserName: chrome, browserVersion: 120.0.6099.71, chrome: {chromedriverVersion: 120.0.6099.71 (9729082fe617..., userDataDir: /var/folders/x7/9034sx0s4jx...}, fedcm:accounts: true, goog:chromeOptions: {debuggerAddress: localhost:53467}, javascriptEnabled: true, networkConnectionEnabled: false, pageLoadStrategy: normal, platform: MAC, platformName: MAC, proxy: Proxy(), setWindowRect: true, strictFileInteractability: false, timeouts: {implicit: 0, pageLoad: 300000, script: 30000}, unhandledPromptBehavior: dismiss and notify, webauthn:extension:credBlob: true, webauthn:extension:largeBlob: true, webauthn:extension:minPinLength: true, webauthn:extension:prf: true, webauthn:virtualAuthenticators: true}
Session ID: a073e355a33dfc6f11a76b30cec49256
*** Element info: {Using=xpath, value=//button[.='Ok']}
18:47:16 INFO  manager.WdListener - This is a link to screenshot with error ---> src/test/Screenshots/screen-2835.png
